[eliasantoun2005.wixsite.com/terroirs-de-l.html]
[static.parastorage.com/unpkg/core-js-bundle@3.2.1/minified.js]
[static.parastorage.com/unpkg/focus-within-polyfill@5.0.9/dist/focus-within-polyfill.js]
[polyfill-fastly.io/v3/polyfill.mind82c.js]
[eliasantoun2005.wixsite.com/location.4.delayed]
[backblue.gif]
[fade.gif]
[index.html]
[eliasantoun2005.wixsite.com/index.html]
[eliasantoun2005.wixsite.com/terroirs-de-l/notre-catalogue.html]
[eliasantoun2005.wixsite.com/terroirs-de-l/category/all-products.html]
[eliasantoun2005.wixsite.com/terroirs-de-l/cart-page.html]
[static.wixstatic.com/media/fe9d80_7825601df8584864a2bcc6e2b629666c_mv2.jpg/v1/fill/w_128,h_96,al_c,q_80,usm_0.66_1.00_0.01,blur_2,enc_auto/fe9d80_7825601df8584864a2bcc6e2b629666c_mv2.jpg]
[eliasantoun2005.wixsite.com/terroirs-de-l/product-page/sumac-powder.html]
[static.wixstatic.com/media/fe9d80_e802030fc18e46f1bb67533c530d5dae_mv2.jpeg/v1/fill/w_92,h_92,al_c,q_80,usm_0.66_1.00_0.01,blur_2,enc_auto/fe9d80_e802030fc18e46f1bb67533c530d5dae_mv2.jpg]
[eliasantoun2005.wixsite.com/terroirs-de-l/product-page/lebanese-flatbread.html]
[static.wixstatic.com/media/fe9d80_ba4a9d2e89924f519ab6ed7d6a7f526a_mv2.jpg/v1/fill/w_125,h_188,al_c,q_80,usm_0.66_1.00_0.01,blur_2,enc_auto/fe9d80_ba4a9d2e89924f519ab6ed7d6a7f526a_mv2.jpg]
[eliasantoun2005.wixsite.com/terroirs-de-l/product-page/assorted-lebanese-sweets-box.html]
[static.wixstatic.com/media/fe9d80_94d6e5e4ddaa4075ba5a4185e97daed6_mv2.jpg/v1/fill/w_130,h_154,al_c,q_80,usm_0.66_1.00_0.01,blur_2,enc_auto/fe9d80_94d6e5e4ddaa4075ba5a4185e97daed6_mv2.jpg]
[eliasantoun2005.wixsite.com/terroirs-de-l/product-page/sesame-kaak-bread.html]
[static.wixstatic.com/media/fe9d80_8f1042743d3e48a59fa1d1e5b9ab41f1_mv2.png/v1/fill/w_49,h_49,al_c,q_85,usm_0.66_1.00_0.01,blur_2,enc_auto/fe9d80_8f1042743d3e48a59fa1d1e5b9ab41f1_mv2.png]
[static.wixstatic.com/media/fe9d80_22dea43ab17d43b8b70706d4c31e113a_mv2.jpg/v1/fill/w_122,h_153,al_c,q_80,usm_0.66_1.00_0.01,blur_2,enc_auto/fe9d80_22dea43ab17d43b8b70706d4c31e113a_mv2.jpg]
[browser.sentry-cdn.com/6.18.2/bundle.min.js]
[eliasantoun2005.wixsite.com/sitemap.13.delayed]
[eliasantoun2005.wixsite.com/feed.14.delayed]
[eliasantoun2005.wixsite.com/${n.15.delayed]
[static.parastorage.com/services/wix-thunderbolt/dist/thunderbolt-commons.90d0afc1.bundle.min.js]
[static.parastorage.com/services/wix-thunderbolt/dist/main.63955c57.bundle.min.js]
[static.parastorage.com/services/wix-thunderbolt/dist/main.renderer.1d21f023.bundle.min.js]
[static.parastorage.com/unpkg/lodash@4.17.21/lodash.min.js]
[static.parastorage.com/unpkg/react@18.3.1/umd/react.production.min.js]
[static.parastorage.com/unpkg/react-dom@18.3.1/umd/react-dom.production.min.js]
[static.parastorage.com/services/ecom-platform-cart-icon/1.645.0/CartIconViewerWidgetNoCss.bundle.min.js]
[static.parastorage.com/services/wixstores-client-gallery/1.4325.0/GridGalleryViewerWidgetNoCss.bundle.min.js]
[eliasantoun2005.wixsite.com/decodeURIComponent(e.1e.delayed]
[static.parastorage.com/services/tag-manager-client/1.844.0/siteTags.bundle.min.js]
[eliasantoun2005.wixsite.com/terroirs-de-l.html]
[eliasantoun2005.wixsite.com/location.html]
[eliasantoun2005.wixsite.com/index.html]
[static.parastorage.com/services/wix-perf-measure/1.1095.0/wix-perf-measure.umd.min.js]
[eliasantoun2005.wixsite.com/terroirs-de-l/location.21.delayed]
[static.wixstatic.com/media/fe9d80_7825601df8584864a2bcc6e2b629666c_mv2.jpg/v1/crop/x_0,y_40,w_1080,h_388/fill/w_980,h_352,al_c,q_80,usm_0.66_1.00_0.01,enc_auto/404345345_17983234862576322_9110862708289652446_n_edited.jpg]
[static.wixstatic.com/media/fe9d80_a7ae8ba1f0b94cac87007918b4bae4c6_mv2.png/v1/fill/w_428,h_548,al_c,q_85,usm_0.66_1.00_0.01,enc_auto/fe9d80_a7ae8ba1f0b94cac87007918b4bae4c6_mv2.png]
[static.wixstatic.com/media/fe9d80_a018f4ff21a84885abd316203cfc90a0_mv2.png/v1/fill/w_428,h_548,al_c,q_85,usm_0.66_1.00_0.01,enc_auto/fe9d80_a018f4ff21a84885abd316203cfc90a0_mv2.png]
[eliasantoun2005.wixsite.com/terroirs-de-l/robots.25.delayed]
[eliasantoun2005.wixsite.com/terroirs-de-l/sitemap.xml]
[eliasantoun2005.wixsite.com/terroirs-de-l/feed.27.delayed]
[eliasantoun2005.wixsite.com/terroirs-de-l/${n.28.delayed]
[static.parastorage.com/services/wix-thunderbolt/dist/main.456d8521.bundle.min.js]
[eliasantoun2005.wixsite.com/terroirs-de-l/decodeURIComponent(e.2a.delayed]
[eliasantoun2005.wixsite.com/terroirs-de-l/notre-catalogue.html]
[eliasantoun2005.wixsite.com/terroirs-de-l/category/location.2b.delayed]
[eliasantoun2005.wixsite.com/terroirs-de-l/category/bakery.html]
[eliasantoun2005.wixsite.com/terroirs-de-l/category/huile.html]
[eliasantoun2005.wixsite.com/terroirs-de-l/category/jus.html]
[eliasantoun2005.wixsite.com/terroirs-de-l/category/spices.html]
[eliasantoun2005.wixsite.com/terroirs-de-l/category/sweets.html]
[static.wixstatic.com/media/fe9d80_7825601df8584864a2bcc6e2b629666c_mv2.jpg/v1/fill/w_147,h_110,al_c,q_80,usm_0.66_1.00_0.01,blur_2,enc_auto/fe9d80_7825601df8584864a2bcc6e2b629666c_mv2.jpg]
[eliasantoun2005.wixsite.com/terroirs-de-l/category/robots.32.delayed]
[eliasantoun2005.wixsite.com/terroirs-de-l/category/sitemap.33.delayed]
[eliasantoun2005.wixsite.com/terroirs-de-l/category/feed.34.delayed]
[eliasantoun2005.wixsite.com/terroirs-de-l/category/${n.35.delayed]
[static.parastorage.com/services/wixstores-client-gallery/1.4325.0/CategoryPageViewerWidgetNoCss.bundle.min.js]
[eliasantoun2005.wixsite.com/terroirs-de-l/category/decodeURIComponent(e.37.delayed]
[eliasantoun2005.wixsite.com/terroirs-de-l/category/all-products.html]
[eliasantoun2005.wixsite.com/terroirs-de-l/cart-page.html]
[static.parastorage.com/services/wixstores-client-cart-ooi/1.3052.0/cartViewerWidgetNoCss.bundle.min.js]
[eliasantoun2005.wixsite.com/terroirs-de-l/product-page/location.html]
[static.wixstatic.com/media/fe9d80_e802030fc18e46f1bb67533c530d5dae_mv2.jpeg/v1/fill/w_612,h_612,al_c,lg_1,q_85/fe9d80_e802030fc18e46f1bb67533c530d5dae_mv2.jpg]
[eliasantoun2005.wixsite.com/terroirs-de-l/product-page/robots.3b.delayed]
[eliasantoun2005.wixsite.com/terroirs-de-l/product-page/sitemap.3c.delayed]
[eliasantoun2005.wixsite.com/terroirs-de-l/product-page/feed.3d.delayed]
[eliasantoun2005.wixsite.com/terroirs-de-l/product-page/${n.3e.delayed]
[static.parastorage.com/services/wixstores-client-product-page/1.3014.0/ProductPageViewerWidgetNoCss.bundle.min.js]
[eliasantoun2005.wixsite.com/terroirs-de-l/product-page/decodeURIComponent(e.40.delayed]
[eliasantoun2005.wixsite.com/terroirs-de-l/product-page/sumac-powder.html]
[static.wixstatic.com/media/fe9d80_ba4a9d2e89924f519ab6ed7d6a7f526a_mv2.jpg/v1/fill/w_500,h_751,al_c,q_85/fe9d80_ba4a9d2e89924f519ab6ed7d6a7f526a_mv2.jpg]
[eliasantoun2005.wixsite.com/terroirs-de-l/product-page/lebanese-flatbread.html]
[static.wixstatic.com/media/fe9d80_94d6e5e4ddaa4075ba5a4185e97daed6_mv2.jpg/v1/fill/w_641,h_856,al_c,q_85/fe9d80_94d6e5e4ddaa4075ba5a4185e97daed6_mv2.jpg]
[eliasantoun2005.wixsite.com/terroirs-de-l/product-page/assorted-lebanese-sweets-box.html]
[static.wixstatic.com/media/fe9d80_8f1042743d3e48a59fa1d1e5b9ab41f1_mv2.png/v1/fill/w_996,h_996,al_c,usm_0.66_1.00_0.01/fe9d80_8f1042743d3e48a59fa1d1e5b9ab41f1_mv2.png]
[eliasantoun2005.wixsite.com/terroirs-de-l/product-page/sesame-kaak-bread.html]
[eliasantoun2005.wixsite.com/sitemap.html]
[eliasantoun2005.wixsite.com/feed.html]
[eliasantoun2005.wixsite.com/${n.html]
[eliasantoun2005.wixsite.com/decodeURIComponent(e.html]
[eliasantoun2005.wixsite.com/terroirs-de-l/location.html]
[eliasantoun2005.wixsite.com/terroirs-de-l/robots.html]
[eliasantoun2005.wixsite.com/terroirs-de-l/feed.html]
[eliasantoun2005.wixsite.com/terroirs-de-l/${n.html]
[eliasantoun2005.wixsite.com/terroirs-de-l/decodeURIComponent(e.html]
[eliasantoun2005.wixsite.com/terroirs-de-l/category/location.html]
[eliasantoun2005.wixsite.com/terroirs-de-l/category/bakery.html]
[eliasantoun2005.wixsite.com/terroirs-de-l/category/huile.html]
[eliasantoun2005.wixsite.com/terroirs-de-l/category/jus.html]
[eliasantoun2005.wixsite.com/terroirs-de-l/category/spices.html]
[eliasantoun2005.wixsite.com/terroirs-de-l/category/sweets.html]
[eliasantoun2005.wixsite.com/terroirs-de-l/category/robots.html]
[eliasantoun2005.wixsite.com/terroirs-de-l/category/sitemap.html]
[eliasantoun2005.wixsite.com/terroirs-de-l/category/feed.html]
[eliasantoun2005.wixsite.com/terroirs-de-l/category/${n.html]
[eliasantoun2005.wixsite.com/terroirs-de-l/category/decodeURIComponent(e.html]
[eliasantoun2005.wixsite.com/terroirs-de-l/product-page/location.html]
[eliasantoun2005.wixsite.com/terroirs-de-l/product-page/robots.html]
[eliasantoun2005.wixsite.com/terroirs-de-l/product-page/sitemap.html]
[eliasantoun2005.wixsite.com/terroirs-de-l/product-page/feed.html]
[eliasantoun2005.wixsite.com/terroirs-de-l/product-page/${n.html]
[eliasantoun2005.wixsite.com/terroirs-de-l/product-page/decodeURIComponent(e.html]
